<?xml version="1.0" encoding="UTF-8" ?>
<testsuites>
  <testsuite errors="1" failures="0" hostname="ip-10-81-154-164" id="0" name="BeanTest" package="com.ibatis.jpetstore.domain" tests="1" time="0.0" timestamp="2014-03-19T20:32:16">
      <properties>
[...]
</properties>

      <testcase classname="com.ibatis.jpetstore.domain.BeanTest" name="unknown" time="0.002">
          <error message="Forked Java VM exited abnormally. Please note the time in the report does not reflect the time until the VM exit." type="junit.framework.AssertionFailedError">junit.framework.AssertionFailedError: Forked Java VM exited abnormally. Please note the time in the report does not reflect the time until the VM exit.
</error>

      </testcase>

  </testsuite>
  <testsuite errors="1" failures="0" hostname="ip-10-81-154-164" id="1" name="AccountDaoTest" package="com.ibatis.jpetstore.persistence" tests="1" time="0.0" timestamp="2014-03-19T20:32:17">
      <properties>
[...]
</properties>

      <testcase classname="com.ibatis.jpetstore.persistence.AccountDaoTest" name="unknown" time="0.0">
          <error message="Forked Java VM exited abnormally. Please note the time in the report does not reflect the time until the VM exit." type="junit.framework.AssertionFailedError">junit.framework.AssertionFailedError: Forked Java VM exited abnormally. Please note the time in the report does not reflect the time until the VM exit.
</error>

      </testcase>

  </testsuite>
  <testsuite errors="1" failures="0" hostname="ip-10-81-154-164" id="2" name="BasePersistenceTest" package="com.ibatis.jpetstore.persistence" tests="1" time="0.0" timestamp="2014-03-19T20:32:18">
      <properties>
[...]
</properties>

      <testcase classname="com.ibatis.jpetstore.persistence.BasePersistenceTest" name="unknown" time="0.0">
          <error message="Forked Java VM exited abnormally. Please note the time in the report does not reflect the time until the VM exit." type="junit.framework.AssertionFailedError">junit.framework.AssertionFailedError: Forked Java VM exited abnormally. Please note the time in the report does not reflect the time until the VM exit.
</error>

      </testcase>

  </testsuite>
  <testsuite errors="1" failures="0" hostname="ip-10-81-154-164" id="3" name="CategoryDaoTest" package="com.ibatis.jpetstore.persistence" tests="1" time="0.0" timestamp="2014-03-19T20:32:19">
      <properties>
[...]
</properties>

      <testcase classname="com.ibatis.jpetstore.persistence.CategoryDaoTest" name="unknown" time="0.0">
          <error message="Forked Java VM exited abnormally. Please note the time in the report does not reflect the time until the VM exit." type="junit.framework.AssertionFailedError">junit.framework.AssertionFailedError: Forked Java VM exited abnormally. Please note the time in the report does not reflect the time until the VM exit.
</error>

      </testcase>

  </testsuite>
  <testsuite errors="1" failures="0" hostname="ip-10-81-154-164" id="4" name="ItemDaoTest" package="com.ibatis.jpetstore.persistence" tests="1" time="0.0" timestamp="2014-03-19T20:32:20">
      <properties>
[...]
</properties>

      <testcase classname="com.ibatis.jpetstore.persistence.ItemDaoTest" name="unknown" time="0.0">
          <error message="Forked Java VM exited abnormally. Please note the time in the report does not reflect the time until the VM exit." type="junit.framework.AssertionFailedError">junit.framework.AssertionFailedError: Forked Java VM exited abnormally. Please note the time in the report does not reflect the time until the VM exit.
</error>

      </testcase>

  </testsuite>
  <testsuite errors="1" failures="0" hostname="ip-10-81-154-164" id="5" name="OrderDaoTest" package="com.ibatis.jpetstore.persistence" tests="1" time="0.0" timestamp="2014-03-19T20:32:20">
      <properties>
[...]
</properties>

      <testcase classname="com.ibatis.jpetstore.persistence.OrderDaoTest" name="unknown" time="0.001">
          <error message="Forked Java VM exited abnormally. Please note the time in the report does not reflect the time until the VM exit." type="junit.framework.AssertionFailedError">junit.framework.AssertionFailedError: Forked Java VM exited abnormally. Please note the time in the report does not reflect the time until the VM exit.
</error>

      </testcase>

  </testsuite>
  <testsuite errors="1" failures="0" hostname="ip-10-81-154-164" id="6" name="ProductDaoTest" package="com.ibatis.jpetstore.persistence" tests="1" time="0.0" timestamp="2014-03-19T20:32:21">
      <properties>
[...]
</properties>

      <testcase classname="com.ibatis.jpetstore.persistence.ProductDaoTest" name="unknown" time="0.0">
          <error message="Forked Java VM exited abnormally. Please note the time in the report does not reflect the time until the VM exit." type="junit.framework.AssertionFailedError">junit.framework.AssertionFailedError: Forked Java VM exited abnormally. Please note the time in the report does not reflect the time until the VM exit.
</error>

      </testcase>

  </testsuite>
  <testsuite errors="1" failures="0" hostname="ip-10-81-154-164" id="7" name="SequenceDaoTest" package="com.ibatis.jpetstore.persistence" tests="1" time="0.0" timestamp="2014-03-19T20:32:22">
      <properties>
[...]
</properties>

      <testcase classname="com.ibatis.jpetstore.persistence.SequenceDaoTest" name="unknown" time="0.0">
          <error message="Forked Java VM exited abnormally. Please note the time in the report does not reflect the time until the VM exit." type="junit.framework.AssertionFailedError">junit.framework.AssertionFailedError: Forked Java VM exited abnormally. Please note the time in the report does not reflect the time until the VM exit.
</error>

      </testcase>

  </testsuite>
  <testsuite errors="1" failures="0" hostname="ip-10-81-154-164" id="8" name="AccountBeanTest" package="com.ibatis.jpetstore.presentation" tests="1" time="0.0" timestamp="2014-03-19T20:32:23">
      <properties>
[...]
</properties>

      <testcase classname="com.ibatis.jpetstore.presentation.AccountBeanTest" name="unknown" time="0.0">
          <error message="Forked Java VM exited abnormally. Please note the time in the report does not reflect the time until the VM exit." type="junit.framework.AssertionFailedError">junit.framework.AssertionFailedError: Forked Java VM exited abnormally. Please note the time in the report does not reflect the time until the VM exit.
</error>

      </testcase>

  </testsuite>
  <testsuite errors="1" failures="0" hostname="ip-10-81-154-164" id="9" name="CartBeanTest" package="com.ibatis.jpetstore.presentation" tests="1" time="0.0" timestamp="2014-03-19T20:32:25">
      <properties>
[...]
</properties>

      <testcase classname="com.ibatis.jpetstore.presentation.CartBeanTest" name="unknown" time="0.0">
          <error message="Forked Java VM exited abnormally. Please note the time in the report does not reflect the time until the VM exit." type="junit.framework.AssertionFailedError">junit.framework.AssertionFailedError: Forked Java VM exited abnormally. Please note the time in the report does not reflect the time until the VM exit.
</error>

      </testcase>

  </testsuite>
  <testsuite errors="1" failures="0" hostname="ip-10-81-154-164" id="10" name="CatalogBeanTest" package="com.ibatis.jpetstore.presentation" tests="1" time="0.0" timestamp="2014-03-19T20:32:26">
      <properties>
[...]
</properties>

      <testcase classname="com.ibatis.jpetstore.presentation.CatalogBeanTest" name="unknown" time="0.0">
          <error message="Forked Java VM exited abnormally. Please note the time in the report does not reflect the time until the VM exit." type="junit.framework.AssertionFailedError">junit.framework.AssertionFailedError: Forked Java VM exited abnormally. Please note the time in the report does not reflect the time until the VM exit.
</error>

      </testcase>

  </testsuite>
  <testsuite errors="1" failures="0" hostname="ip-10-81-154-164" id="11" name="OrderBeanTest" package="com.ibatis.jpetstore.presentation" tests="1" time="0.0" timestamp="2014-03-19T20:32:27">
      <properties>
[...]
</properties>

      <testcase classname="com.ibatis.jpetstore.presentation.OrderBeanTest" name="unknown" time="0.0">
          <error message="Forked Java VM exited abnormally. Please note the time in the report does not reflect the time until the VM exit." type="junit.framework.AssertionFailedError">junit.framework.AssertionFailedError: Forked Java VM exited abnormally. Please note the time in the report does not reflect the time until the VM exit.
</error>

      </testcase>

  </testsuite>
  <testsuite errors="1" failures="0" hostname="ip-10-81-154-164" id="12" name="AccountServiceTest" package="com.ibatis.jpetstore.service" tests="1" time="0.0" timestamp="2014-03-19T20:32:28">
      <properties>
[...]
</properties>

      <testcase classname="com.ibatis.jpetstore.service.AccountServiceTest" name="unknown" time="0.001">
          <error message="Forked Java VM exited abnormally. Please note the time in the report does not reflect the time until the VM exit." type="junit.framework.AssertionFailedError">junit.framework.AssertionFailedError: Forked Java VM exited abnormally. Please note the time in the report does not reflect the time until the VM exit.
</error>

      </testcase>

  </testsuite>
  <testsuite errors="1" failures="0" hostname="ip-10-81-154-164" id="13" name="CatalogServiceTest" package="com.ibatis.jpetstore.service" tests="1" time="0.0" timestamp="2014-03-19T20:32:29">
      <properties>
[...]
</properties>

      <testcase classname="com.ibatis.jpetstore.service.CatalogServiceTest" name="unknown" time="0.0">
          <error message="Forked Java VM exited abnormally. Please note the time in the report does not reflect the time until the VM exit." type="junit.framework.AssertionFailedError">junit.framework.AssertionFailedError: Forked Java VM exited abnormally. Please note the time in the report does not reflect the time until the VM exit.
</error>

      </testcase>

  </testsuite>
  <testsuite errors="1" failures="0" hostname="ip-10-81-154-164" id="14" name="OrderServiceTest" package="com.ibatis.jpetstore.service" tests="1" time="0.0" timestamp="2014-03-19T20:32:30">
      <properties>
[...]
</properties>

      <testcase classname="com.ibatis.jpetstore.service.OrderServiceTest" name="unknown" time="0.001">
          <error message="Forked Java VM exited abnormally. Please note the time in the report does not reflect the time until the VM exit." type="junit.framework.AssertionFailedError">junit.framework.AssertionFailedError: Forked Java VM exited abnormally. Please note the time in the report does not reflect the time until the VM exit.
</error>

      </testcase>

  </testsuite>
</testsuites>
