<?xml version="1.0" encoding="UTF-8" ?>
<testsuite errors="1" failures="0" hostname="ip-10-81-154-164" name="com.ibatis.jpetstore.persistence.OrderDaoTest" tests="1" time="0.0" timestamp="2014-03-19T20:32:20">
  <properties>
[...]
</properties>
  <testcase classname="com.ibatis.jpetstore.persistence.OrderDaoTest" name="unknown" time="0.001">
    <error message="Forked Java VM exited abnormally. Please note the time in the report does not reflect the time until the VM exit." type="junit.framework.AssertionFailedError">junit.framework.AssertionFailedError: Forked Java VM exited abnormally. Please note the time in the report does not reflect the time until the VM exit.
</error>
  </testcase>
</testsuite>
